TN:
SF:index.js
FN:31,(anonymous_0)
FN:32,(anonymous_1)
FN:52,(anonymous_2)
FNF:3
FNH:0
FNDA:0,(anonymous_0)
FNDA:0,(anonymous_1)
FNDA:0,(anonymous_2)
DA:2,0
DA:4,0
DA:5,0
DA:6,0
DA:7,0
DA:8,0
DA:9,0
DA:10,0
DA:11,0
DA:12,0
DA:13,0
DA:14,0
DA:15,0
DA:16,0
DA:18,0
DA:19,0
DA:21,0
DA:24,0
DA:27,0
DA:30,0
DA:31,0
DA:32,0
DA:36,0
DA:39,0
DA:40,0
DA:41,0
DA:42,0
DA:43,0
DA:44,0
DA:45,0
DA:46,0
DA:49,0
DA:52,0
DA:53,0
LF:34
LH:0
BRF:0
BRH:0
end_of_record
TN:
SF:analysis\analysisController.js
FN:14,(anonymous_0)
FN:36,(anonymous_1)
FN:55,(anonymous_2)
FN:74,(anonymous_3)
FN:93,(anonymous_4)
FN:112,(anonymous_5)
FN:131,(anonymous_6)
FN:161,(anonymous_7)
FNF:8
FNH:7
FNDA:6,(anonymous_0)
FNDA:7,(anonymous_1)
FNDA:6,(anonymous_2)
FNDA:6,(anonymous_3)
FNDA:0,(anonymous_4)
FNDA:6,(anonymous_5)
FNDA:5,(anonymous_6)
FNDA:6,(anonymous_7)
DA:11,1
DA:14,1
DA:15,6
DA:16,6
DA:17,6
DA:18,1
DA:21,5
DA:22,5
DA:24,3
DA:29,3
DA:31,2
DA:36,1
DA:37,7
DA:38,7
DA:39,7
DA:40,1
DA:43,6
DA:44,6
DA:46,4
DA:48,4
DA:50,2
DA:55,1
DA:56,6
DA:57,6
DA:58,6
DA:59,0
DA:62,6
DA:63,6
DA:65,4
DA:67,4
DA:69,2
DA:74,1
DA:75,6
DA:76,6
DA:77,6
DA:78,0
DA:81,6
DA:82,6
DA:84,4
DA:86,4
DA:88,2
DA:93,1
DA:94,0
DA:95,0
DA:96,0
DA:97,0
DA:100,0
DA:101,0
DA:103,0
DA:105,0
DA:107,0
DA:112,1
DA:113,6
DA:114,6
DA:115,6
DA:116,0
DA:119,6
DA:120,6
DA:122,4
DA:124,4
DA:126,2
DA:131,1
DA:132,5
DA:133,5
DA:134,5
DA:135,0
DA:138,5
DA:139,5
DA:140,3
DA:142,3
DA:143,2
DA:148,1
DA:150,1
DA:156,2
DA:161,1
DA:162,6
DA:163,6
DA:164,6
DA:165,0
DA:168,6
DA:169,6
DA:171,4
DA:175,2
LF:83
LH:69
BRDA:17,0,0,1
BRDA:17,0,1,5
BRDA:25,1,0,3
BRDA:25,1,1,1
BRDA:26,2,0,3
BRDA:26,2,1,1
BRDA:39,3,0,1
BRDA:39,3,1,6
BRDA:46,4,0,4
BRDA:46,4,1,0
BRDA:58,5,0,0
BRDA:58,5,1,6
BRDA:65,6,0,4
BRDA:65,6,1,2
BRDA:77,7,0,0
BRDA:77,7,1,6
BRDA:84,8,0,4
BRDA:84,8,1,2
BRDA:96,9,0,0
BRDA:96,9,1,0
BRDA:103,10,0,0
BRDA:103,10,1,0
BRDA:115,11,0,0
BRDA:115,11,1,6
BRDA:122,12,0,2
BRDA:122,12,1,2
BRDA:134,13,0,0
BRDA:134,13,1,5
BRDA:142,14,0,2
BRDA:142,14,1,1
BRDA:164,15,0,0
BRDA:164,15,1,6
BRF:32
BRH:22
end_of_record
TN:
SF:analysis\queries\userWasteAnalysis.js
FN:5,(anonymous_0)
FN:28,(anonymous_1)
FN:51,(anonymous_2)
FN:72,(anonymous_3)
FN:93,(anonymous_4)
FN:117,(anonymous_5)
FN:138,(anonymous_6)
FN:156,(anonymous_7)
FNF:8
FNH:7
FNDA:5,(anonymous_0)
FNDA:6,(anonymous_1)
FNDA:6,(anonymous_2)
FNDA:6,(anonymous_3)
FNDA:0,(anonymous_4)
FNDA:6,(anonymous_5)
FNDA:5,(anonymous_6)
FNDA:9,(anonymous_7)
DA:2,1
DA:5,1
DA:6,5
DA:16,5
DA:21,3
DA:28,1
DA:29,6
DA:42,6
DA:47,4
DA:51,1
DA:52,6
DA:63,6
DA:68,4
DA:72,1
DA:73,6
DA:84,6
DA:89,4
DA:93,1
DA:94,0
DA:108,0
DA:113,0
DA:117,1
DA:118,6
DA:129,6
DA:134,4
DA:138,1
DA:139,5
DA:147,5
DA:152,3
DA:156,1
DA:157,9
DA:165,9
DA:170,7
LF:33
LH:30
BRDA:22,0,0,3
BRDA:22,0,1,1
BRDA:23,1,0,3
BRDA:23,1,1,1
BRDA:47,2,0,2
BRDA:47,2,1,2
BRDA:68,3,0,4
BRDA:68,3,1,2
BRDA:89,4,0,4
BRDA:89,4,1,2
BRDA:152,5,0,3
BRDA:152,5,1,2
BRDA:170,6,0,7
BRDA:170,6,1,4
BRF:14
BRH:14
end_of_record
TN:
SF:config\config.js
FNF:0
FNH:0
DA:2,0
DA:4,0
LF:2
LH:0
BRDA:6,0,0,0
BRDA:6,0,1,0
BRDA:7,1,0,0
BRDA:7,1,1,0
BRDA:8,2,0,0
BRDA:8,2,1,0
BRDA:9,3,0,0
BRDA:9,3,1,0
BRDA:10,4,0,0
BRDA:10,4,1,0
BRDA:13,5,0,0
BRDA:13,5,1,0
BRDA:14,6,0,0
BRDA:14,6,1,0
BRDA:15,7,0,0
BRDA:15,7,1,0
BRDA:16,8,0,0
BRDA:16,8,1,0
BRDA:17,9,0,0
BRDA:17,9,1,0
BRDA:20,10,0,0
BRDA:20,10,1,0
BRDA:21,11,0,0
BRDA:21,11,1,0
BRDA:22,12,0,0
BRDA:22,12,1,0
BRDA:23,13,0,0
BRDA:23,13,1,0
BRDA:24,14,0,0
BRDA:24,14,1,0
BRF:30
BRH:0
end_of_record
TN:
SF:config\database.js
FNF:0
FNH:0
DA:2,1
DA:3,1
DA:5,1
DA:23,1
LF:4
LH:4
BRF:0
BRH:0
end_of_record
TN:
SF:controllers\areaController.js
FN:7,(anonymous_0)
FN:30,(anonymous_1)
FN:46,(anonymous_2)
FN:57,(anonymous_3)
FN:79,(anonymous_4)
FNF:5
FNH:5
FNDA:6,(anonymous_0)
FNDA:6,(anonymous_1)
FNDA:2,(anonymous_2)
FNDA:6,(anonymous_3)
FNDA:6,(anonymous_4)
DA:2,1
DA:3,1
DA:4,1
DA:7,1
DA:8,6
DA:9,6
DA:12,6
DA:13,2
DA:17,4
DA:20,2
DA:22,2
DA:24,2
DA:25,2
DA:30,1
DA:31,6
DA:32,6
DA:34,4
DA:35,2
DA:38,2
DA:40,2
DA:41,2
DA:46,1
DA:47,2
DA:48,2
DA:49,1
DA:51,1
DA:52,1
DA:57,1
DA:58,6
DA:59,6
DA:61,5
DA:62,2
DA:65,3
DA:66,3
DA:69,2
DA:71,2
DA:73,2
DA:74,2
DA:79,1
DA:80,6
DA:81,6
DA:83,5
DA:84,2
DA:87,3
DA:88,3
DA:91,2
DA:93,2
DA:95,2
DA:96,2
LF:49
LH:49
BRDA:12,0,0,2
BRDA:12,0,1,4
BRDA:12,1,0,6
BRDA:12,1,1,5
BRDA:34,2,0,2
BRDA:34,2,1,2
BRDA:61,3,0,2
BRDA:61,3,1,3
BRDA:83,4,0,2
BRDA:83,4,1,3
BRF:10
BRH:10
end_of_record
TN:
SF:controllers\locationController.js
FN:9,(anonymous_0)
FN:48,(anonymous_1)
FN:70,(anonymous_2)
FN:84,(anonymous_3)
FN:95,(anonymous_4)
FN:116,(anonymous_5)
FNF:6
FNH:6
FNDA:5,(anonymous_0)
FNDA:3,(anonymous_1)
FNDA:6,(anonymous_2)
FNDA:4,(anonymous_3)
FNDA:6,(anonymous_4)
FNDA:6,(anonymous_5)
DA:2,1
DA:3,1
DA:4,1
DA:5,1
DA:6,1
DA:9,1
DA:10,5
DA:11,5
DA:14,5
DA:15,1
DA:19,4
DA:20,3
DA:21,1
DA:24,2
DA:25,2
DA:26,1
DA:30,1
DA:38,1
DA:40,1
DA:42,1
DA:43,1
DA:48,1
DA:49,3
DA:50,3
DA:53,3
DA:54,1
DA:57,2
DA:60,1
DA:62,1
DA:64,1
DA:65,1
DA:70,1
DA:71,6
DA:72,6
DA:73,4
DA:74,2
DA:76,2
DA:78,2
DA:79,2
DA:84,1
DA:85,4
DA:86,4
DA:87,2
DA:89,2
DA:90,2
DA:95,1
DA:96,6
DA:97,6
DA:98,4
DA:99,2
DA:102,2
DA:103,2
DA:106,2
DA:108,2
DA:110,2
DA:111,2
DA:116,1
DA:117,6
DA:118,6
DA:119,4
DA:120,2
DA:123,2
DA:124,2
DA:127,2
DA:129,2
DA:131,2
DA:132,2
LF:67
LH:67
BRDA:14,0,0,1
BRDA:14,0,1,4
BRDA:14,1,0,5
BRDA:14,1,1,5
BRDA:14,1,2,4
BRDA:14,1,3,4
BRDA:20,2,0,1
BRDA:20,2,1,2
BRDA:25,3,0,1
BRDA:25,3,1,1
BRDA:53,4,0,1
BRDA:53,4,1,2
BRDA:53,5,0,3
BRDA:53,5,1,3
BRDA:53,5,2,2
BRDA:53,5,3,2
BRDA:73,6,0,2
BRDA:73,6,1,2
BRDA:98,7,0,2
BRDA:98,7,1,2
BRDA:119,8,0,2
BRDA:119,8,1,2
BRF:22
BRH:22
end_of_record
TN:
SF:controllers\userController.js
FN:9,(anonymous_0)
FN:42,(anonymous_1)
FN:80,(anonymous_2)
FN:106,(anonymous_3)
FN:138,(anonymous_4)
FN:185,(anonymous_5)
FN:199,(anonymous_6)
FN:210,(anonymous_7)
FN:231,(anonymous_8)
FNF:9
FNH:8
FNDA:3,(anonymous_0)
FNDA:7,(anonymous_1)
FNDA:1,(anonymous_2)
FNDA:4,(anonymous_3)
FNDA:4,(anonymous_4)
FNDA:3,(anonymous_5)
FNDA:0,(anonymous_6)
FNDA:3,(anonymous_7)
FNDA:6,(anonymous_8)
DA:2,1
DA:3,1
DA:4,1
DA:5,1
DA:6,1
DA:9,1
DA:10,3
DA:11,3
DA:12,3
DA:14,2
DA:15,0
DA:18,2
DA:19,2
DA:20,1
DA:23,1
DA:24,1
DA:25,1
DA:28,1
DA:30,1
DA:36,1
DA:37,1
DA:42,1
DA:43,7
DA:44,7
DA:45,7
DA:46,1
DA:49,6
DA:50,4
DA:51,2
DA:54,2
DA:55,2
DA:56,2
DA:63,2
DA:65,2
DA:74,2
DA:75,2
DA:80,1
DA:81,1
DA:82,1
DA:83,1
DA:84,0
DA:87,1
DA:88,1
DA:89,0
DA:92,1
DA:93,1
DA:96,1
DA:98,1
DA:100,0
DA:101,0
DA:106,1
DA:107,4
DA:108,4
DA:109,3
DA:110,0
DA:113,3
DA:114,3
DA:115,0
DA:118,3
DA:119,3
DA:120,1
DA:123,2
DA:124,2
DA:125,2
DA:128,2
DA:130,2
DA:132,1
DA:133,1
DA:138,1
DA:139,4
DA:140,4
DA:141,0
DA:144,4
DA:146,4
DA:147,3
DA:148,1
DA:152,2
DA:153,2
DA:154,0
DA:157,2
DA:160,2
DA:161,2
DA:169,2
DA:179,1
DA:180,1
DA:185,1
DA:186,3
DA:187,3
DA:188,2
DA:189,1
DA:191,1
DA:193,1
DA:194,1
DA:199,1
DA:200,0
DA:201,0
DA:202,0
DA:204,0
DA:205,0
DA:210,1
DA:211,3
DA:212,3
DA:213,2
DA:214,1
DA:217,1
DA:218,1
DA:221,1
DA:223,1
DA:225,1
DA:226,1
DA:231,1
DA:232,6
DA:233,6
DA:234,4
DA:235,2
DA:238,2
DA:239,2
DA:242,2
DA:244,2
DA:246,2
DA:247,2
LF:121
LH:107
BRDA:14,0,0,0
BRDA:14,0,1,2
BRDA:19,1,0,1
BRDA:19,1,1,1
BRDA:45,2,0,1
BRDA:45,2,1,6
BRDA:45,3,0,7
BRDA:45,3,1,6
BRDA:50,4,0,2
BRDA:50,4,1,2
BRDA:83,5,0,0
BRDA:83,5,1,1
BRDA:88,6,0,0
BRDA:88,6,1,1
BRDA:88,7,0,1
BRDA:88,7,1,1
BRDA:88,7,2,1
BRDA:109,8,0,0
BRDA:109,8,1,3
BRDA:114,9,0,0
BRDA:114,9,1,3
BRDA:114,10,0,3
BRDA:114,10,1,3
BRDA:119,11,0,1
BRDA:119,11,1,2
BRDA:140,12,0,0
BRDA:140,12,1,4
BRDA:140,13,0,4
BRDA:140,13,1,4
BRDA:147,14,0,1
BRDA:147,14,1,2
BRDA:153,15,0,0
BRDA:153,15,1,2
BRDA:160,16,0,2
BRDA:160,16,1,0
BRDA:176,17,0,2
BRDA:176,17,1,2
BRDA:188,18,0,1
BRDA:188,18,1,1
BRDA:213,19,0,1
BRDA:213,19,1,1
BRDA:234,20,0,2
BRDA:234,20,1,2
BRF:43
BRH:35
end_of_record
TN:
SF:controllers\userWasteController.js
FN:10,(anonymous_0)
FN:24,(anonymous_1)
FN:76,(anonymous_2)
FN:124,(anonymous_3)
FN:138,(anonymous_4)
FN:149,(anonymous_5)
FN:189,(anonymous_6)
FNF:7
FNH:7
FNDA:1,(anonymous_0)
FNDA:4,(anonymous_1)
FNDA:6,(anonymous_2)
FNDA:5,(anonymous_3)
FNDA:4,(anonymous_4)
FNDA:6,(anonymous_5)
FNDA:6,(anonymous_6)
DA:2,1
DA:3,1
DA:4,1
DA:5,1
DA:6,1
DA:7,1
DA:10,1
DA:11,1
DA:13,1
DA:15,0
DA:17,0
DA:19,0
DA:24,1
DA:25,4
DA:26,4
DA:29,4
DA:30,4
DA:31,2
DA:34,2
DA:35,2
DA:36,1
DA:39,1
DA:40,1
DA:41,0
DA:45,1
DA:46,1
DA:47,1
DA:50,1
DA:51,1
DA:55,1
DA:66,1
DA:68,1
DA:70,0
DA:71,0
DA:76,1
DA:77,6
DA:78,6
DA:81,6
DA:82,5
DA:83,3
DA:86,2
DA:87,2
DA:88,0
DA:91,2
DA:92,2
DA:93,0
DA:97,2
DA:98,2
DA:99,0
DA:103,2
DA:114,2
DA:116,2
DA:118,1
DA:119,1
DA:124,1
DA:125,5
DA:126,5
DA:127,4
DA:128,2
DA:130,2
DA:132,1
DA:133,1
DA:138,1
DA:139,4
DA:140,4
DA:141,2
DA:143,2
DA:144,2
DA:149,1
DA:150,6
DA:151,6
DA:152,4
DA:153,2
DA:156,2
DA:157,2
DA:159,2
DA:160,2
DA:161,2
DA:162,2
DA:163,0
DA:167,2
DA:168,1
DA:169,1
DA:171,1
DA:172,1
DA:173,1
DA:176,2
DA:179,2
DA:181,2
DA:183,2
DA:184,2
DA:189,1
DA:190,6
DA:191,6
DA:192,4
DA:193,2
DA:196,2
DA:197,2
DA:200,2
DA:202,2
DA:204,2
DA:205,2
LF:102
LH:92
BRDA:11,0,0,1
BRDA:11,0,1,0
BRDA:11,0,2,0
BRDA:11,0,3,0
BRDA:30,1,0,2
BRDA:30,1,1,2
BRDA:35,2,0,1
BRDA:35,2,1,1
BRDA:40,3,0,0
BRDA:40,3,1,1
BRDA:46,4,0,1
BRDA:46,4,1,0
BRDA:50,5,0,1
BRDA:50,5,1,0
BRDA:50,6,0,1
BRDA:50,6,1,1
BRDA:50,6,2,1
BRDA:59,7,0,1
BRDA:59,7,1,0
BRDA:82,8,0,3
BRDA:82,8,1,2
BRDA:87,9,0,0
BRDA:87,9,1,2
BRDA:92,10,0,0
BRDA:92,10,1,2
BRDA:98,11,0,0
BRDA:98,11,1,2
BRDA:98,12,0,2
BRDA:98,12,1,0
BRDA:98,12,2,0
BRDA:107,13,0,0
BRDA:107,13,1,2
BRDA:127,14,0,2
BRDA:127,14,1,2
BRDA:152,15,0,2
BRDA:152,15,1,2
BRDA:160,16,0,2
BRDA:160,16,1,0
BRDA:160,17,0,2
BRDA:160,17,1,1
BRDA:162,18,0,0
BRDA:162,18,1,2
BRDA:167,19,0,1
BRDA:167,19,1,1
BRDA:167,20,0,2
BRDA:167,20,1,1
BRDA:168,21,0,1
BRDA:168,21,1,0
BRDA:172,22,0,1
BRDA:172,22,1,0
BRDA:172,23,0,1
BRDA:172,23,1,1
BRDA:192,24,0,2
BRDA:192,24,1,2
BRF:54
BRH:37
end_of_record
TN:
SF:controllers\wasteController.js
FN:8,(anonymous_0)
FN:39,(anonymous_1)
FN:55,(anonymous_2)
FN:89,(anonymous_3)
FNF:4
FNH:4
FNDA:7,(anonymous_0)
FNDA:6,(anonymous_1)
FNDA:6,(anonymous_2)
FNDA:6,(anonymous_3)
DA:2,1
DA:3,1
DA:4,1
DA:5,1
DA:8,1
DA:9,7
DA:10,7
DA:12,7
DA:13,2
DA:16,5
DA:17,3
DA:18,1
DA:21,2
DA:29,2
DA:31,2
DA:33,2
DA:34,2
DA:39,1
DA:40,6
DA:41,6
DA:44,4
DA:45,2
DA:47,2
DA:49,2
DA:50,2
DA:55,1
DA:56,6
DA:57,6
DA:59,6
DA:60,4
DA:61,2
DA:64,2
DA:66,2
DA:67,2
DA:68,0
DA:71,2
DA:79,2
DA:81,2
DA:83,2
DA:84,2
DA:89,1
DA:90,6
DA:91,6
DA:92,4
DA:93,2
DA:96,2
DA:97,2
DA:99,2
DA:101,2
DA:103,2
DA:104,2
LF:51
LH:50
BRDA:12,0,0,2
BRDA:12,0,1,5
BRDA:12,1,0,7
BRDA:12,1,1,5
BRDA:12,1,2,5
BRDA:17,2,0,1
BRDA:17,2,1,2
BRDA:25,3,0,0
BRDA:25,3,1,2
BRDA:44,4,0,2
BRDA:44,4,1,2
BRDA:60,5,0,2
BRDA:60,5,1,2
BRDA:67,6,0,0
BRDA:67,6,1,2
BRDA:72,7,0,1
BRDA:72,7,1,1
BRDA:73,8,0,2
BRDA:73,8,1,0
BRDA:74,9,0,2
BRDA:74,9,1,0
BRDA:75,10,0,2
BRDA:75,10,1,0
BRDA:76,11,0,2
BRDA:76,11,1,1
BRDA:92,12,0,2
BRDA:92,12,1,2
BRF:27
BRH:22
end_of_record
TN:
SF:controllers\wasteTypeController.js
FN:7,(anonymous_0)
FN:33,(anonymous_1)
FN:49,(anonymous_2)
FN:78,(anonymous_3)
FNF:4
FNH:4
FNDA:6,(anonymous_0)
FNDA:6,(anonymous_1)
FNDA:6,(anonymous_2)
FNDA:6,(anonymous_3)
DA:2,1
DA:3,1
DA:4,1
DA:7,1
DA:8,6
DA:9,6
DA:11,6
DA:12,2
DA:16,4
DA:23,2
DA:25,2
DA:27,2
DA:28,2
DA:33,1
DA:34,6
DA:35,6
DA:37,4
DA:38,2
DA:41,2
DA:43,2
DA:44,2
DA:49,1
DA:50,6
DA:51,6
DA:52,4
DA:53,2
DA:56,2
DA:58,2
DA:61,2
DA:68,2
DA:70,2
DA:72,2
DA:73,2
DA:78,1
DA:79,6
DA:80,6
DA:81,4
DA:82,2
DA:85,2
DA:86,2
DA:89,2
DA:91,2
DA:93,2
DA:94,2
LF:44
LH:44
BRDA:11,0,0,2
BRDA:11,0,1,4
BRDA:11,1,0,6
BRDA:11,1,1,6
BRDA:11,1,2,4
BRDA:37,2,0,2
BRDA:37,2,1,2
BRDA:52,3,0,2
BRDA:52,3,1,2
BRDA:62,4,0,2
BRDA:62,4,1,0
BRDA:63,5,0,2
BRDA:63,5,1,0
BRDA:64,6,0,0
BRDA:64,6,1,2
BRDA:81,7,0,2
BRDA:81,7,1,2
BRF:17
BRH:14
end_of_record
TN:
SF:middleware\captureError.js
FN:5,(anonymous_0)
FNF:1
FNH:1
FNDA:52,(anonymous_0)
DA:2,1
DA:5,1
DA:7,52
DA:9,52
DA:13,1
LF:5
LH:5
BRDA:7,0,0,52
BRDA:7,0,1,0
BRF:2
BRH:1
end_of_record
TN:
SF:middleware\generateToken.js
FN:5,(anonymous_0)
FNF:1
FNH:1
FNDA:2,(anonymous_0)
DA:2,1
DA:5,1
DA:6,2
DA:9,2
DA:11,1
DA:14,1
DA:17,1
LF:7
LH:7
BRDA:9,0,0,1
BRDA:9,0,1,1
BRDA:9,1,0,2
BRDA:9,1,1,1
BRF:4
BRH:4
end_of_record
TN:
SF:middleware\instrument.js
FNF:0
FNH:0
DA:2,0
DA:4,0
DA:5,0
DA:7,0
LF:4
LH:0
BRF:0
BRH:0
end_of_record
TN:
SF:middleware\jwtAuth.js
FN:4,(anonymous_0)
FNF:1
FNH:0
FNDA:0,(anonymous_0)
DA:2,0
DA:4,0
DA:6,0
DA:9,0
DA:10,0
DA:14,0
DA:17,0
DA:18,0
DA:22,0
DA:25,0
DA:26,0
DA:27,0
DA:28,0
DA:31,0
DA:32,0
DA:34,0
DA:35,0
DA:38,0
DA:42,0
LF:19
LH:0
BRDA:9,0,0,0
BRDA:9,0,1,0
BRDA:17,1,0,0
BRDA:17,1,1,0
BRDA:31,2,0,0
BRDA:31,2,1,0
BRDA:34,3,0,0
BRDA:34,3,1,0
BRF:8
BRH:0
end_of_record
TN:
SF:middleware\validateUser.js
FN:8,(anonymous_0)
FN:21,(anonymous_1)
FN:35,(anonymous_2)
FN:47,(anonymous_3)
FNF:4
FNH:4
FNDA:5,(anonymous_0)
FNDA:3,(anonymous_1)
FNDA:3,(anonymous_2)
FNDA:2,(anonymous_3)
DA:2,1
DA:5,1
DA:9,5
DA:10,5
DA:11,2
DA:13,3
DA:18,1
DA:22,3
DA:23,3
DA:24,2
DA:26,1
DA:31,1
DA:36,3
DA:37,3
DA:38,2
DA:40,1
DA:45,1
DA:48,2
DA:49,2
DA:50,1
DA:52,1
LF:21
LH:21
BRDA:10,0,0,2
BRDA:10,0,1,3
BRDA:23,1,0,2
BRDA:23,1,1,1
BRDA:37,2,0,2
BRDA:37,2,1,1
BRDA:49,3,0,1
BRDA:49,3,1,1
BRF:8
BRH:8
end_of_record
TN:
SF:migrations\20241024055529-create-user-table.js
FN:4,(anonymous_0)
FN:54,(anonymous_1)
FNF:2
FNH:0
FNDA:0,(anonymous_0)
FNDA:0,(anonymous_1)
DA:3,0
DA:5,0
DA:55,0
LF:3
LH:0
BRF:0
BRH:0
end_of_record
TN:
SF:migrations\20241024055555-create-area-table.js
FN:4,(anonymous_0)
FN:33,(anonymous_1)
FNF:2
FNH:0
FNDA:0,(anonymous_0)
FNDA:0,(anonymous_1)
DA:3,0
DA:5,0
DA:34,0
LF:3
LH:0
BRF:0
BRH:0
end_of_record
TN:
SF:migrations\20241024055611-create-audit-log-table.js
FN:4,(anonymous_0)
FN:44,(anonymous_1)
FNF:2
FNH:0
FNDA:0,(anonymous_0)
FNDA:0,(anonymous_1)
DA:3,0
DA:5,0
DA:45,0
LF:3
LH:0
BRF:0
BRH:0
end_of_record
TN:
SF:migrations\20241024055633-create-location-table.js
FN:4,(anonymous_0)
FN:45,(anonymous_1)
FNF:2
FNH:0
FNDA:0,(anonymous_0)
FNDA:0,(anonymous_1)
DA:3,0
DA:5,0
DA:47,0
DA:48,0
LF:4
LH:0
BRF:0
BRH:0
end_of_record
TN:
SF:migrations\20241024055648-create-waste_type-table.js
FN:4,(anonymous_0)
FN:27,(anonymous_1)
FNF:2
FNH:0
FNDA:0,(anonymous_0)
FNDA:0,(anonymous_1)
DA:3,0
DA:5,0
DA:28,0
LF:3
LH:0
BRF:0
BRH:0
end_of_record
TN:
SF:migrations\20241024055713-create-waste-table.js
FN:4,(anonymous_0)
FN:43,(anonymous_1)
FNF:2
FNH:0
FNDA:0,(anonymous_0)
FNDA:0,(anonymous_1)
DA:3,0
DA:5,0
DA:44,0
LF:3
LH:0
BRF:0
BRH:0
end_of_record
TN:
SF:migrations\20241024055728-create-user_waste-table.js
FN:4,(anonymous_0)
FN:68,(anonymous_1)
FNF:2
FNH:0
FNDA:0,(anonymous_0)
FNDA:0,(anonymous_1)
DA:3,0
DA:5,0
DA:69,0
LF:3
LH:0
BRF:0
BRH:0
end_of_record
TN:
SF:models\Area.js
FNF:0
FNH:0
DA:2,1
DA:3,1
DA:5,1
DA:24,1
LF:4
LH:4
BRF:0
BRH:0
end_of_record
TN:
SF:models\AuditLog.js
FNF:0
FNH:0
DA:2,1
DA:3,1
DA:5,1
DA:45,1
LF:4
LH:4
BRF:0
BRH:0
end_of_record
TN:
SF:models\Location.js
FNF:0
FNH:0
DA:2,1
DA:3,1
DA:4,1
DA:5,1
DA:7,1
DA:40,1
LF:6
LH:6
BRF:0
BRH:0
end_of_record
TN:
SF:models\User.js
FNF:0
FNH:0
DA:2,1
DA:3,1
DA:5,1
DA:41,1
LF:4
LH:4
BRF:0
BRH:0
end_of_record
TN:
SF:models\UserWaste.js
FNF:0
FNH:0
DA:2,1
DA:3,1
DA:4,1
DA:5,1
DA:6,1
DA:8,1
DA:59,1
LF:7
LH:7
BRF:0
BRH:0
end_of_record
TN:
SF:models\Waste.js
FNF:0
FNH:0
DA:2,1
DA:3,1
DA:4,1
DA:6,1
DA:41,1
LF:5
LH:5
BRF:0
BRH:0
end_of_record
TN:
SF:models\WasteType.js
FNF:0
FNH:0
DA:2,1
DA:3,1
DA:5,1
DA:28,1
LF:4
LH:4
BRF:0
BRH:0
end_of_record
TN:
SF:models\index.js
FNF:0
FNH:0
DA:2,0
DA:3,0
DA:4,0
DA:5,0
DA:6,0
DA:7,0
DA:8,0
DA:13,0
DA:14,0
DA:17,0
DA:18,0
DA:21,0
DA:22,0
DA:25,0
DA:26,0
DA:29,0
DA:30,0
DA:33,0
LF:18
LH:0
BRF:0
BRH:0
end_of_record
TN:
SF:routes\analysisRoutes.js
FNF:0
FNH:0
DA:2,1
DA:3,1
DA:5,1
DA:8,1
DA:9,1
DA:10,1
DA:11,1
DA:12,1
DA:13,1
DA:14,1
DA:15,1
DA:17,1
LF:12
LH:12
BRF:0
BRH:0
end_of_record
TN:
SF:routes\areaRoutes.js
FNF:0
FNH:0
DA:2,1
DA:3,1
DA:5,1
DA:8,1
DA:11,1
DA:14,1
DA:17,1
DA:20,1
DA:22,1
LF:9
LH:9
BRF:0
BRH:0
end_of_record
TN:
SF:routes\authRoutes.js
FNF:0
FNH:0
DA:2,1
DA:3,1
DA:5,1
DA:8,1
DA:10,1
LF:5
LH:5
BRF:0
BRH:0
end_of_record
TN:
SF:routes\locationRoutes.js
FNF:0
FNH:0
DA:2,1
DA:3,1
DA:5,1
DA:8,1
DA:11,1
DA:14,1
DA:17,1
DA:20,1
DA:23,1
DA:25,1
LF:10
LH:10
BRF:0
BRH:0
end_of_record
TN:
SF:routes\userRoutes.js
FNF:0
FNH:0
DA:2,1
DA:3,1
DA:9,1
DA:11,1
DA:15,1
DA:18,1
DA:21,1
DA:24,1
DA:27,1
DA:30,1
DA:33,1
DA:36,1
DA:39,1
DA:41,1
LF:14
LH:14
BRF:0
BRH:0
end_of_record
TN:
SF:routes\userWasteRoutes.js
FNF:0
FNH:0
DA:2,1
DA:3,1
DA:5,1
DA:8,1
DA:11,1
DA:14,1
DA:17,1
DA:20,1
DA:23,1
DA:25,1
LF:10
LH:10
BRF:0
BRH:0
end_of_record
TN:
SF:routes\wasteRoutes.js
FNF:0
FNH:0
DA:2,1
DA:3,1
DA:5,1
DA:8,1
DA:11,1
DA:14,1
DA:17,1
DA:19,1
LF:8
LH:8
BRF:0
BRH:0
end_of_record
TN:
SF:routes\wasteTypeRoutes.js
FNF:0
FNH:0
DA:2,1
DA:3,1
DA:5,1
DA:8,1
DA:11,1
DA:14,1
DA:17,1
DA:19,1
LF:8
LH:8
BRF:0
BRH:0
end_of_record
TN:
SF:utils\auditLogger.js
FN:5,(anonymous_0)
FNF:1
FNH:1
FNDA:40,(anonymous_0)
DA:2,1
DA:5,1
DA:6,40
DA:7,40
DA:16,0
LF:5
LH:4
BRDA:11,0,0,27
BRDA:11,0,1,13
BRDA:12,1,0,28
BRDA:12,1,1,12
BRF:4
BRH:4
end_of_record
